{
  "C:\\Users\\Humberto\\Desktop\\Humberto\\Study\\WebDev\\pajelingo-front-end\\src\\components\\cards\\AboutUsCard\\index.js": {
    "path": "C:\\Users\\Humberto\\Desktop\\Humberto\\Study\\WebDev\\pajelingo-front-end\\src\\components\\cards\\AboutUsCard\\index.js",
    "statementMap": {
      "0": {
        "start": {
          "line": 5,
          "column": 2
        },
        "end": {
          "line": 28,
          "column": 4
        }
      },
      "1": {
        "start": {
          "line": 31,
          "column": 0
        },
        "end": {
          "line": 38,
          "column": 2
        }
      }
    },
    "fnMap": {
      "0": {
        "name": "AboutUsCard",
        "decl": {
          "start": {
            "line": 4,
            "column": 24
          },
          "end": {
            "line": 4,
            "column": 35
          }
        },
        "loc": {
          "start": {
            "line": 4,
            "column": 46
          },
          "end": {
            "line": 29,
            "column": 1
          }
        },
        "line": 4
      }
    },
    "branchMap": {},
    "s": {
      "0": 0,
      "1": 1
    },
    "f": {
      "0": 0
    },
    "b": {},
    "_coverageSchema": "1a1c01bbd47fc00a2c39e90264f33305004495a9",
    "hash": "c6c8f2ce6d22c495ba9db3e7ed9c90737bfc24a0"
  },
  "C:\\Users\\Humberto\\Desktop\\Humberto\\Study\\WebDev\\pajelingo-front-end\\src\\pages\\AboutUs\\index.js": {
    "path": "C:\\Users\\Humberto\\Desktop\\Humberto\\Study\\WebDev\\pajelingo-front-end\\src\\pages\\AboutUs\\index.js",
    "statementMap": {
      "0": {
        "start": {
          "line": 5,
          "column": 2
        },
        "end": {
          "line": 13,
          "column": 5
        }
      },
      "1": {
        "start": {
          "line": 6,
          "column": 4
        },
        "end": {
          "line": 12,
          "column": 18
        }
      }
    },
    "fnMap": {
      "0": {
        "name": "AboutUs",
        "decl": {
          "start": {
            "line": 4,
            "column": 24
          },
          "end": {
            "line": 4,
            "column": 31
          }
        },
        "loc": {
          "start": {
            "line": 4,
            "column": 34
          },
          "end": {
            "line": 14,
            "column": 1
          }
        },
        "line": 4
      },
      "1": {
        "name": "(anonymous_1)",
        "decl": {
          "start": {
            "line": 5,
            "column": 24
          },
          "end": {
            "line": 5,
            "column": 25
          }
        },
        "loc": {
          "start": {
            "line": 6,
            "column": 4
          },
          "end": {
            "line": 12,
            "column": 18
          }
        },
        "line": 6
      }
    },
    "branchMap": {},
    "s": {
      "0": 0,
      "1": 0
    },
    "f": {
      "0": 0,
      "1": 0
    },
    "b": {},
    "_coverageSchema": "1a1c01bbd47fc00a2c39e90264f33305004495a9",
    "hash": "3f029ec325df84923d565223efe5ee5d4901ffa8"
  },
  "C:\\Users\\Humberto\\Desktop\\Humberto\\Study\\WebDev\\pajelingo-front-end\\src\\services\\base.js": {
    "path": "C:\\Users\\Humberto\\Desktop\\Humberto\\Study\\WebDev\\pajelingo-front-end\\src\\services\\base.js",
    "statementMap": {
      "0": {
        "start": {
          "line": 1,
          "column": 23
        },
        "end": {
          "line": 1,
          "column": 50
        }
      }
    },
    "fnMap": {},
    "branchMap": {},
    "s": {
      "0": 1
    },
    "f": {},
    "b": {},
    "_coverageSchema": "1a1c01bbd47fc00a2c39e90264f33305004495a9",
    "hash": "19f54d4aebe0367a38d93e9a8e9154766bcbaf63"
  },
  "C:\\Users\\Humberto\\Desktop\\Humberto\\Study\\WebDev\\pajelingo-front-end\\src\\api\\user.js": {
    "path": "C:\\Users\\Humberto\\Desktop\\Humberto\\Study\\WebDev\\pajelingo-front-end\\src\\api\\user.js",
    "statementMap": {
      "0": {
        "start": {
          "line": 3,
          "column": 21
        },
        "end": {
          "line": 20,
          "column": 1
        }
      },
      "1": {
        "start": {
          "line": 4,
          "column": 2
        },
        "end": {
          "line": 19,
          "column": 27
        }
      },
      "2": {
        "start": {
          "line": 12,
          "column": 6
        },
        "end": {
          "line": 14,
          "column": 7
        }
      },
      "3": {
        "start": {
          "line": 13,
          "column": 8
        },
        "end": {
          "line": 13,
          "column": 31
        }
      },
      "4": {
        "start": {
          "line": 16,
          "column": 6
        },
        "end": {
          "line": 16,
          "column": 28
        }
      },
      "5": {
        "start": {
          "line": 18,
          "column": 20
        },
        "end": {
          "line": 18,
          "column": 35
        }
      },
      "6": {
        "start": {
          "line": 19,
          "column": 17
        },
        "end": {
          "line": 19,
          "column": 25
        }
      },
      "7": {
        "start": {
          "line": 22,
          "column": 23
        },
        "end": {
          "line": 48,
          "column": 1
        }
      },
      "8": {
        "start": {
          "line": 23,
          "column": 15
        },
        "end": {
          "line": 23,
          "column": 55
        }
      },
      "9": {
        "start": {
          "line": 25,
          "column": 16
        },
        "end": {
          "line": 25,
          "column": 26
        }
      },
      "10": {
        "start": {
          "line": 27,
          "column": 19
        },
        "end": {
          "line": 31,
          "column": 4
        }
      },
      "11": {
        "start": {
          "line": 33,
          "column": 2
        },
        "end": {
          "line": 47,
          "column": 3
        }
      },
      "12": {
        "start": {
          "line": 34,
          "column": 17
        },
        "end": {
          "line": 34,
          "column": 38
        }
      },
      "13": {
        "start": {
          "line": 35,
          "column": 24
        },
        "end": {
          "line": 41,
          "column": 5
        }
      },
      "14": {
        "start": {
          "line": 42,
          "column": 4
        },
        "end": {
          "line": 42,
          "column": 62
        }
      },
      "15": {
        "start": {
          "line": 43,
          "column": 4
        },
        "end": {
          "line": 43,
          "column": 53
        }
      },
      "16": {
        "start": {
          "line": 45,
          "column": 4
        },
        "end": {
          "line": 45,
          "column": 36
        }
      },
      "17": {
        "start": {
          "line": 46,
          "column": 4
        },
        "end": {
          "line": 46,
          "column": 16
        }
      },
      "18": {
        "start": {
          "line": 50,
          "column": 26
        },
        "end": {
          "line": 66,
          "column": 1
        }
      },
      "19": {
        "start": {
          "line": 51,
          "column": 2
        },
        "end": {
          "line": 65,
          "column": 27
        }
      },
      "20": {
        "start": {
          "line": 58,
          "column": 6
        },
        "end": {
          "line": 61,
          "column": 7
        }
      },
      "21": {
        "start": {
          "line": 59,
          "column": 8
        },
        "end": {
          "line": 59,
          "column": 20
        }
      },
      "22": {
        "start": {
          "line": 60,
          "column": 8
        },
        "end": {
          "line": 60,
          "column": 15
        }
      },
      "23": {
        "start": {
          "line": 63,
          "column": 6
        },
        "end": {
          "line": 63,
          "column": 20
        }
      },
      "24": {
        "start": {
          "line": 65,
          "column": 17
        },
        "end": {
          "line": 65,
          "column": 25
        }
      },
      "25": {
        "start": {
          "line": 68,
          "column": 33
        },
        "end": {
          "line": 85,
          "column": 1
        }
      },
      "26": {
        "start": {
          "line": 69,
          "column": 2
        },
        "end": {
          "line": 84,
          "column": 27
        }
      },
      "27": {
        "start": {
          "line": 77,
          "column": 6
        },
        "end": {
          "line": 80,
          "column": 7
        }
      },
      "28": {
        "start": {
          "line": 78,
          "column": 8
        },
        "end": {
          "line": 78,
          "column": 20
        }
      },
      "29": {
        "start": {
          "line": 79,
          "column": 8
        },
        "end": {
          "line": 79,
          "column": 15
        }
      },
      "30": {
        "start": {
          "line": 82,
          "column": 6
        },
        "end": {
          "line": 82,
          "column": 20
        }
      },
      "31": {
        "start": {
          "line": 84,
          "column": 17
        },
        "end": {
          "line": 84,
          "column": 25
        }
      },
      "32": {
        "start": {
          "line": 87,
          "column": 26
        },
        "end": {
          "line": 98,
          "column": 1
        }
      },
      "33": {
        "start": {
          "line": 88,
          "column": 2
        },
        "end": {
          "line": 97,
          "column": 27
        }
      },
      "34": {
        "start": {
          "line": 90,
          "column": 6
        },
        "end": {
          "line": 92,
          "column": 7
        }
      },
      "35": {
        "start": {
          "line": 91,
          "column": 8
        },
        "end": {
          "line": 91,
          "column": 31
        }
      },
      "36": {
        "start": {
          "line": 94,
          "column": 6
        },
        "end": {
          "line": 94,
          "column": 20
        }
      },
      "37": {
        "start": {
          "line": 96,
          "column": 20
        },
        "end": {
          "line": 96,
          "column": 35
        }
      },
      "38": {
        "start": {
          "line": 97,
          "column": 17
        },
        "end": {
          "line": 97,
          "column": 25
        }
      },
      "39": {
        "start": {
          "line": 100,
          "column": 35
        },
        "end": {
          "line": 117,
          "column": 1
        }
      },
      "40": {
        "start": {
          "line": 101,
          "column": 2
        },
        "end": {
          "line": 116,
          "column": 27
        }
      },
      "41": {
        "start": {
          "line": 109,
          "column": 6
        },
        "end": {
          "line": 112,
          "column": 7
        }
      },
      "42": {
        "start": {
          "line": 110,
          "column": 8
        },
        "end": {
          "line": 110,
          "column": 20
        }
      },
      "43": {
        "start": {
          "line": 111,
          "column": 8
        },
        "end": {
          "line": 111,
          "column": 15
        }
      },
      "44": {
        "start": {
          "line": 114,
          "column": 6
        },
        "end": {
          "line": 114,
          "column": 28
        }
      },
      "45": {
        "start": {
          "line": 116,
          "column": 17
        },
        "end": {
          "line": 116,
          "column": 25
        }
      },
      "46": {
        "start": {
          "line": 119,
          "column": 28
        },
        "end": {
          "line": 136,
          "column": 1
        }
      },
      "47": {
        "start": {
          "line": 120,
          "column": 2
        },
        "end": {
          "line": 135,
          "column": 27
        }
      },
      "48": {
        "start": {
          "line": 128,
          "column": 6
        },
        "end": {
          "line": 131,
          "column": 7
        }
      },
      "49": {
        "start": {
          "line": 129,
          "column": 8
        },
        "end": {
          "line": 129,
          "column": 20
        }
      },
      "50": {
        "start": {
          "line": 130,
          "column": 8
        },
        "end": {
          "line": 130,
          "column": 15
        }
      },
      "51": {
        "start": {
          "line": 133,
          "column": 6
        },
        "end": {
          "line": 133,
          "column": 28
        }
      },
      "52": {
        "start": {
          "line": 135,
          "column": 17
        },
        "end": {
          "line": 135,
          "column": 25
        }
      },
      "53": {
        "start": {
          "line": 138,
          "column": 29
        },
        "end": {
          "line": 144,
          "column": 1
        }
      },
      "54": {
        "start": {
          "line": 139,
          "column": 22
        },
        "end": {
          "line": 139,
          "column": 55
        }
      },
      "55": {
        "start": {
          "line": 141,
          "column": 2
        },
        "end": {
          "line": 143,
          "column": 37
        }
      },
      "56": {
        "start": {
          "line": 142,
          "column": 24
        },
        "end": {
          "line": 142,
          "column": 39
        }
      },
      "57": {
        "start": {
          "line": 143,
          "column": 20
        },
        "end": {
          "line": 143,
          "column": 35
        }
      },
      "58": {
        "start": {
          "line": 146,
          "column": 22
        },
        "end": {
          "line": 163,
          "column": 1
        }
      },
      "59": {
        "start": {
          "line": 147,
          "column": 2
        },
        "end": {
          "line": 162,
          "column": 27
        }
      },
      "60": {
        "start": {
          "line": 155,
          "column": 6
        },
        "end": {
          "line": 157,
          "column": 7
        }
      },
      "61": {
        "start": {
          "line": 156,
          "column": 8
        },
        "end": {
          "line": 156,
          "column": 31
        }
      },
      "62": {
        "start": {
          "line": 159,
          "column": 6
        },
        "end": {
          "line": 159,
          "column": 28
        }
      },
      "63": {
        "start": {
          "line": 161,
          "column": 16
        },
        "end": {
          "line": 161,
          "column": 27
        }
      },
      "64": {
        "start": {
          "line": 162,
          "column": 17
        },
        "end": {
          "line": 162,
          "column": 25
        }
      },
      "65": {
        "start": {
          "line": 165,
          "column": 29
        },
        "end": {
          "line": 183,
          "column": 1
        }
      },
      "66": {
        "start": {
          "line": 166,
          "column": 2
        },
        "end": {
          "line": 182,
          "column": 27
        }
      },
      "67": {
        "start": {
          "line": 175,
          "column": 6
        },
        "end": {
          "line": 177,
          "column": 7
        }
      },
      "68": {
        "start": {
          "line": 176,
          "column": 8
        },
        "end": {
          "line": 176,
          "column": 31
        }
      },
      "69": {
        "start": {
          "line": 179,
          "column": 6
        },
        "end": {
          "line": 179,
          "column": 28
        }
      },
      "70": {
        "start": {
          "line": 181,
          "column": 16
        },
        "end": {
          "line": 181,
          "column": 27
        }
      },
      "71": {
        "start": {
          "line": 182,
          "column": 17
        },
        "end": {
          "line": 182,
          "column": 25
        }
      },
      "72": {
        "start": {
          "line": 185,
          "column": 31
        },
        "end": {
          "line": 198,
          "column": 1
        }
      },
      "73": {
        "start": {
          "line": 186,
          "column": 2
        },
        "end": {
          "line": 197,
          "column": 27
        }
      },
      "74": {
        "start": {
          "line": 190,
          "column": 6
        },
        "end": {
          "line": 192,
          "column": 7
        }
      },
      "75": {
        "start": {
          "line": 191,
          "column": 8
        },
        "end": {
          "line": 191,
          "column": 15
        }
      },
      "76": {
        "start": {
          "line": 194,
          "column": 6
        },
        "end": {
          "line": 194,
          "column": 28
        }
      },
      "77": {
        "start": {
          "line": 196,
          "column": 16
        },
        "end": {
          "line": 196,
          "column": 27
        }
      },
      "78": {
        "start": {
          "line": 197,
          "column": 17
        },
        "end": {
          "line": 197,
          "column": 25
        }
      }
    },
    "fnMap": {
      "0": {
        "name": "(anonymous_0)",
        "decl": {
          "start": {
            "line": 3,
            "column": 21
          },
          "end": {
            "line": 3,
            "column": 22
          }
        },
        "loc": {
          "start": {
            "line": 3,
            "column": 64
          },
          "end": {
            "line": 20,
            "column": 1
          }
        },
        "line": 3
      },
      "1": {
        "name": "(anonymous_1)",
        "decl": {
          "start": {
            "line": 11,
            "column": 10
          },
          "end": {
            "line": 11,
            "column": 11
          }
        },
        "loc": {
          "start": {
            "line": 11,
            "column": 24
          },
          "end": {
            "line": 17,
            "column": 5
          }
        },
        "line": 11
      },
      "2": {
        "name": "(anonymous_2)",
        "decl": {
          "start": {
            "line": 18,
            "column": 10
          },
          "end": {
            "line": 18,
            "column": 11
          }
        },
        "loc": {
          "start": {
            "line": 18,
            "column": 20
          },
          "end": {
            "line": 18,
            "column": 35
          }
        },
        "line": 18
      },
      "3": {
        "name": "(anonymous_3)",
        "decl": {
          "start": {
            "line": 19,
            "column": 11
          },
          "end": {
            "line": 19,
            "column": 12
          }
        },
        "loc": {
          "start": {
            "line": 19,
            "column": 17
          },
          "end": {
            "line": 19,
            "column": 25
          }
        },
        "line": 19
      },
      "4": {
        "name": "(anonymous_4)",
        "decl": {
          "start": {
            "line": 22,
            "column": 23
          },
          "end": {
            "line": 22,
            "column": 24
          }
        },
        "loc": {
          "start": {
            "line": 22,
            "column": 35
          },
          "end": {
            "line": 48,
            "column": 1
          }
        },
        "line": 22
      },
      "5": {
        "name": "(anonymous_5)",
        "decl": {
          "start": {
            "line": 50,
            "column": 26
          },
          "end": {
            "line": 50,
            "column": 27
          }
        },
        "loc": {
          "start": {
            "line": 50,
            "column": 56
          },
          "end": {
            "line": 66,
            "column": 1
          }
        },
        "line": 50
      },
      "6": {
        "name": "(anonymous_6)",
        "decl": {
          "start": {
            "line": 57,
            "column": 10
          },
          "end": {
            "line": 57,
            "column": 11
          }
        },
        "loc": {
          "start": {
            "line": 57,
            "column": 24
          },
          "end": {
            "line": 64,
            "column": 5
          }
        },
        "line": 57
      },
      "7": {
        "name": "(anonymous_7)",
        "decl": {
          "start": {
            "line": 65,
            "column": 11
          },
          "end": {
            "line": 65,
            "column": 12
          }
        },
        "loc": {
          "start": {
            "line": 65,
            "column": 17
          },
          "end": {
            "line": 65,
            "column": 25
          }
        },
        "line": 65
      },
      "8": {
        "name": "(anonymous_8)",
        "decl": {
          "start": {
            "line": 68,
            "column": 33
          },
          "end": {
            "line": 68,
            "column": 34
          }
        },
        "loc": {
          "start": {
            "line": 68,
            "column": 69
          },
          "end": {
            "line": 85,
            "column": 1
          }
        },
        "line": 68
      },
      "9": {
        "name": "(anonymous_9)",
        "decl": {
          "start": {
            "line": 76,
            "column": 10
          },
          "end": {
            "line": 76,
            "column": 11
          }
        },
        "loc": {
          "start": {
            "line": 76,
            "column": 24
          },
          "end": {
            "line": 83,
            "column": 5
          }
        },
        "line": 76
      },
      "10": {
        "name": "(anonymous_10)",
        "decl": {
          "start": {
            "line": 84,
            "column": 11
          },
          "end": {
            "line": 84,
            "column": 12
          }
        },
        "loc": {
          "start": {
            "line": 84,
            "column": 17
          },
          "end": {
            "line": 84,
            "column": 25
          }
        },
        "line": 84
      },
      "11": {
        "name": "(anonymous_11)",
        "decl": {
          "start": {
            "line": 87,
            "column": 26
          },
          "end": {
            "line": 87,
            "column": 27
          }
        },
        "loc": {
          "start": {
            "line": 87,
            "column": 59
          },
          "end": {
            "line": 98,
            "column": 1
          }
        },
        "line": 87
      },
      "12": {
        "name": "(anonymous_12)",
        "decl": {
          "start": {
            "line": 89,
            "column": 10
          },
          "end": {
            "line": 89,
            "column": 11
          }
        },
        "loc": {
          "start": {
            "line": 89,
            "column": 24
          },
          "end": {
            "line": 95,
            "column": 5
          }
        },
        "line": 89
      },
      "13": {
        "name": "(anonymous_13)",
        "decl": {
          "start": {
            "line": 96,
            "column": 10
          },
          "end": {
            "line": 96,
            "column": 11
          }
        },
        "loc": {
          "start": {
            "line": 96,
            "column": 20
          },
          "end": {
            "line": 96,
            "column": 35
          }
        },
        "line": 96
      },
      "14": {
        "name": "(anonymous_14)",
        "decl": {
          "start": {
            "line": 97,
            "column": 11
          },
          "end": {
            "line": 97,
            "column": 12
          }
        },
        "loc": {
          "start": {
            "line": 97,
            "column": 17
          },
          "end": {
            "line": 97,
            "column": 25
          }
        },
        "line": 97
      },
      "15": {
        "name": "(anonymous_15)",
        "decl": {
          "start": {
            "line": 100,
            "column": 35
          },
          "end": {
            "line": 100,
            "column": 36
          }
        },
        "loc": {
          "start": {
            "line": 100,
            "column": 65
          },
          "end": {
            "line": 117,
            "column": 1
          }
        },
        "line": 100
      },
      "16": {
        "name": "(anonymous_16)",
        "decl": {
          "start": {
            "line": 108,
            "column": 10
          },
          "end": {
            "line": 108,
            "column": 11
          }
        },
        "loc": {
          "start": {
            "line": 108,
            "column": 24
          },
          "end": {
            "line": 115,
            "column": 5
          }
        },
        "line": 108
      },
      "17": {
        "name": "(anonymous_17)",
        "decl": {
          "start": {
            "line": 116,
            "column": 11
          },
          "end": {
            "line": 116,
            "column": 12
          }
        },
        "loc": {
          "start": {
            "line": 116,
            "column": 17
          },
          "end": {
            "line": 116,
            "column": 25
          }
        },
        "line": 116
      },
      "18": {
        "name": "(anonymous_18)",
        "decl": {
          "start": {
            "line": 119,
            "column": 28
          },
          "end": {
            "line": 119,
            "column": 29
          }
        },
        "loc": {
          "start": {
            "line": 119,
            "column": 73
          },
          "end": {
            "line": 136,
            "column": 1
          }
        },
        "line": 119
      },
      "19": {
        "name": "(anonymous_19)",
        "decl": {
          "start": {
            "line": 127,
            "column": 10
          },
          "end": {
            "line": 127,
            "column": 11
          }
        },
        "loc": {
          "start": {
            "line": 127,
            "column": 24
          },
          "end": {
            "line": 134,
            "column": 5
          }
        },
        "line": 127
      },
      "20": {
        "name": "(anonymous_20)",
        "decl": {
          "start": {
            "line": 135,
            "column": 11
          },
          "end": {
            "line": 135,
            "column": 12
          }
        },
        "loc": {
          "start": {
            "line": 135,
            "column": 17
          },
          "end": {
            "line": 135,
            "column": 25
          }
        },
        "line": 135
      },
      "21": {
        "name": "(anonymous_21)",
        "decl": {
          "start": {
            "line": 138,
            "column": 29
          },
          "end": {
            "line": 138,
            "column": 30
          }
        },
        "loc": {
          "start": {
            "line": 138,
            "column": 58
          },
          "end": {
            "line": 144,
            "column": 1
          }
        },
        "line": 138
      },
      "22": {
        "name": "(anonymous_22)",
        "decl": {
          "start": {
            "line": 142,
            "column": 10
          },
          "end": {
            "line": 142,
            "column": 11
          }
        },
        "loc": {
          "start": {
            "line": 142,
            "column": 24
          },
          "end": {
            "line": 142,
            "column": 39
          }
        },
        "line": 142
      },
      "23": {
        "name": "(anonymous_23)",
        "decl": {
          "start": {
            "line": 143,
            "column": 10
          },
          "end": {
            "line": 143,
            "column": 11
          }
        },
        "loc": {
          "start": {
            "line": 143,
            "column": 20
          },
          "end": {
            "line": 143,
            "column": 35
          }
        },
        "line": 143
      },
      "24": {
        "name": "(anonymous_24)",
        "decl": {
          "start": {
            "line": 146,
            "column": 22
          },
          "end": {
            "line": 146,
            "column": 23
          }
        },
        "loc": {
          "start": {
            "line": 146,
            "column": 51
          },
          "end": {
            "line": 163,
            "column": 1
          }
        },
        "line": 146
      },
      "25": {
        "name": "(anonymous_25)",
        "decl": {
          "start": {
            "line": 154,
            "column": 10
          },
          "end": {
            "line": 154,
            "column": 11
          }
        },
        "loc": {
          "start": {
            "line": 154,
            "column": 24
          },
          "end": {
            "line": 160,
            "column": 5
          }
        },
        "line": 154
      },
      "26": {
        "name": "(anonymous_26)",
        "decl": {
          "start": {
            "line": 161,
            "column": 10
          },
          "end": {
            "line": 161,
            "column": 11
          }
        },
        "loc": {
          "start": {
            "line": 161,
            "column": 16
          },
          "end": {
            "line": 161,
            "column": 27
          }
        },
        "line": 161
      },
      "27": {
        "name": "(anonymous_27)",
        "decl": {
          "start": {
            "line": 162,
            "column": 11
          },
          "end": {
            "line": 162,
            "column": 12
          }
        },
        "loc": {
          "start": {
            "line": 162,
            "column": 17
          },
          "end": {
            "line": 162,
            "column": 25
          }
        },
        "line": 162
      },
      "28": {
        "name": "(anonymous_28)",
        "decl": {
          "start": {
            "line": 165,
            "column": 29
          },
          "end": {
            "line": 165,
            "column": 30
          }
        },
        "loc": {
          "start": {
            "line": 165,
            "column": 65
          },
          "end": {
            "line": 183,
            "column": 1
          }
        },
        "line": 165
      },
      "29": {
        "name": "(anonymous_29)",
        "decl": {
          "start": {
            "line": 174,
            "column": 10
          },
          "end": {
            "line": 174,
            "column": 11
          }
        },
        "loc": {
          "start": {
            "line": 174,
            "column": 24
          },
          "end": {
            "line": 180,
            "column": 5
          }
        },
        "line": 174
      },
      "30": {
        "name": "(anonymous_30)",
        "decl": {
          "start": {
            "line": 181,
            "column": 10
          },
          "end": {
            "line": 181,
            "column": 11
          }
        },
        "loc": {
          "start": {
            "line": 181,
            "column": 16
          },
          "end": {
            "line": 181,
            "column": 27
          }
        },
        "line": 181
      },
      "31": {
        "name": "(anonymous_31)",
        "decl": {
          "start": {
            "line": 182,
            "column": 11
          },
          "end": {
            "line": 182,
            "column": 12
          }
        },
        "loc": {
          "start": {
            "line": 182,
            "column": 17
          },
          "end": {
            "line": 182,
            "column": 25
          }
        },
        "line": 182
      },
      "32": {
        "name": "(anonymous_32)",
        "decl": {
          "start": {
            "line": 185,
            "column": 31
          },
          "end": {
            "line": 185,
            "column": 32
          }
        },
        "loc": {
          "start": {
            "line": 185,
            "column": 66
          },
          "end": {
            "line": 198,
            "column": 1
          }
        },
        "line": 185
      },
      "33": {
        "name": "(anonymous_33)",
        "decl": {
          "start": {
            "line": 189,
            "column": 10
          },
          "end": {
            "line": 189,
            "column": 11
          }
        },
        "loc": {
          "start": {
            "line": 189,
            "column": 24
          },
          "end": {
            "line": 195,
            "column": 5
          }
        },
        "line": 189
      },
      "34": {
        "name": "(anonymous_34)",
        "decl": {
          "start": {
            "line": 196,
            "column": 10
          },
          "end": {
            "line": 196,
            "column": 11
          }
        },
        "loc": {
          "start": {
            "line": 196,
            "column": 16
          },
          "end": {
            "line": 196,
            "column": 27
          }
        },
        "line": 196
      },
      "35": {
        "name": "(anonymous_35)",
        "decl": {
          "start": {
            "line": 197,
            "column": 11
          },
          "end": {
            "line": 197,
            "column": 12
          }
        },
        "loc": {
          "start": {
            "line": 197,
            "column": 17
          },
          "end": {
            "line": 197,
            "column": 25
          }
        },
        "line": 197
      }
    },
    "branchMap": {
      "0": {
        "loc": {
          "start": {
            "line": 12,
            "column": 6
          },
          "end": {
            "line": 14,
            "column": 7
          }
        },
        "type": "if",
        "locations": [
          {
            "start": {
              "line": 12,
              "column": 6
            },
            "end": {
              "line": 14,
              "column": 7
            }
          },
          {
            "start": {
              "line": 12,
              "column": 6
            },
            "end": {
              "line": 14,
              "column": 7
            }
          }
        ],
        "line": 12
      },
      "1": {
        "loc": {
          "start": {
            "line": 33,
            "column": 2
          },
          "end": {
            "line": 47,
            "column": 3
          }
        },
        "type": "if",
        "locations": [
          {
            "start": {
              "line": 33,
              "column": 2
            },
            "end": {
              "line": 47,
              "column": 3
            }
          },
          {
            "start": {
              "line": 33,
              "column": 2
            },
            "end": {
              "line": 47,
              "column": 3
            }
          }
        ],
        "line": 33
      },
      "2": {
        "loc": {
          "start": {
            "line": 58,
            "column": 6
          },
          "end": {
            "line": 61,
            "column": 7
          }
        },
        "type": "if",
        "locations": [
          {
            "start": {
              "line": 58,
              "column": 6
            },
            "end": {
              "line": 61,
              "column": 7
            }
          },
          {
            "start": {
              "line": 58,
              "column": 6
            },
            "end": {
              "line": 61,
              "column": 7
            }
          }
        ],
        "line": 58
      },
      "3": {
        "loc": {
          "start": {
            "line": 77,
            "column": 6
          },
          "end": {
            "line": 80,
            "column": 7
          }
        },
        "type": "if",
        "locations": [
          {
            "start": {
              "line": 77,
              "column": 6
            },
            "end": {
              "line": 80,
              "column": 7
            }
          },
          {
            "start": {
              "line": 77,
              "column": 6
            },
            "end": {
              "line": 80,
              "column": 7
            }
          }
        ],
        "line": 77
      },
      "4": {
        "loc": {
          "start": {
            "line": 90,
            "column": 6
          },
          "end": {
            "line": 92,
            "column": 7
          }
        },
        "type": "if",
        "locations": [
          {
            "start": {
              "line": 90,
              "column": 6
            },
            "end": {
              "line": 92,
              "column": 7
            }
          },
          {
            "start": {
              "line": 90,
              "column": 6
            },
            "end": {
              "line": 92,
              "column": 7
            }
          }
        ],
        "line": 90
      },
      "5": {
        "loc": {
          "start": {
            "line": 109,
            "column": 6
          },
          "end": {
            "line": 112,
            "column": 7
          }
        },
        "type": "if",
        "locations": [
          {
            "start": {
              "line": 109,
              "column": 6
            },
            "end": {
              "line": 112,
              "column": 7
            }
          },
          {
            "start": {
              "line": 109,
              "column": 6
            },
            "end": {
              "line": 112,
              "column": 7
            }
          }
        ],
        "line": 109
      },
      "6": {
        "loc": {
          "start": {
            "line": 128,
            "column": 6
          },
          "end": {
            "line": 131,
            "column": 7
          }
        },
        "type": "if",
        "locations": [
          {
            "start": {
              "line": 128,
              "column": 6
            },
            "end": {
              "line": 131,
              "column": 7
            }
          },
          {
            "start": {
              "line": 128,
              "column": 6
            },
            "end": {
              "line": 131,
              "column": 7
            }
          }
        ],
        "line": 128
      },
      "7": {
        "loc": {
          "start": {
            "line": 155,
            "column": 6
          },
          "end": {
            "line": 157,
            "column": 7
          }
        },
        "type": "if",
        "locations": [
          {
            "start": {
              "line": 155,
              "column": 6
            },
            "end": {
              "line": 157,
              "column": 7
            }
          },
          {
            "start": {
              "line": 155,
              "column": 6
            },
            "end": {
              "line": 157,
              "column": 7
            }
          }
        ],
        "line": 155
      },
      "8": {
        "loc": {
          "start": {
            "line": 175,
            "column": 6
          },
          "end": {
            "line": 177,
            "column": 7
          }
        },
        "type": "if",
        "locations": [
          {
            "start": {
              "line": 175,
              "column": 6
            },
            "end": {
              "line": 177,
              "column": 7
            }
          },
          {
            "start": {
              "line": 175,
              "column": 6
            },
            "end": {
              "line": 177,
              "column": 7
            }
          }
        ],
        "line": 175
      },
      "9": {
        "loc": {
          "start": {
            "line": 190,
            "column": 6
          },
          "end": {
            "line": 192,
            "column": 7
          }
        },
        "type": "if",
        "locations": [
          {
            "start": {
              "line": 190,
              "column": 6
            },
            "end": {
              "line": 192,
              "column": 7
            }
          },
          {
            "start": {
              "line": 190,
              "column": 6
            },
            "end": {
              "line": 192,
              "column": 7
            }
          }
        ],
        "line": 190
      }
    },
    "s": {
      "0": 1,
      "1": 0,
      "2": 0,
      "3": 0,
      "4": 0,
      "5": 0,
      "6": 0,
      "7": 1,
      "8": 1,
      "9": 1,
      "10": 0,
      "11": 0,
      "12": 0,
      "13": 0,
      "14": 0,
      "15": 0,
      "16": 0,
      "17": 0,
      "18": 1,
      "19": 0,
      "20": 0,
      "21": 0,
      "22": 0,
      "23": 0,
      "24": 0,
      "25": 1,
      "26": 0,
      "27": 0,
      "28": 0,
      "29": 0,
      "30": 0,
      "31": 0,
      "32": 1,
      "33": 0,
      "34": 0,
      "35": 0,
      "36": 0,
      "37": 0,
      "38": 0,
      "39": 1,
      "40": 0,
      "41": 0,
      "42": 0,
      "43": 0,
      "44": 0,
      "45": 0,
      "46": 1,
      "47": 0,
      "48": 0,
      "49": 0,
      "50": 0,
      "51": 0,
      "52": 0,
      "53": 1,
      "54": 0,
      "55": 0,
      "56": 0,
      "57": 0,
      "58": 1,
      "59": 0,
      "60": 0,
      "61": 0,
      "62": 0,
      "63": 0,
      "64": 0,
      "65": 1,
      "66": 0,
      "67": 0,
      "68": 0,
      "69": 0,
      "70": 0,
      "71": 0,
      "72": 1,
      "73": 0,
      "74": 0,
      "75": 0,
      "76": 0,
      "77": 0,
      "78": 0
    },
    "f": {
      "0": 0,
      "1": 0,
      "2": 0,
      "3": 0,
      "4": 1,
      "5": 0,
      "6": 0,
      "7": 0,
      "8": 0,
      "9": 0,
      "10": 0,
      "11": 0,
      "12": 0,
      "13": 0,
      "14": 0,
      "15": 0,
      "16": 0,
      "17": 0,
      "18": 0,
      "19": 0,
      "20": 0,
      "21": 0,
      "22": 0,
      "23": 0,
      "24": 0,
      "25": 0,
      "26": 0,
      "27": 0,
      "28": 0,
      "29": 0,
      "30": 0,
      "31": 0,
      "32": 0,
      "33": 0,
      "34": 0,
      "35": 0
    },
    "b": {
      "0": [
        0,
        0
      ],
      "1": [
        0,
        0
      ],
      "2": [
        0,
        0
      ],
      "3": [
        0,
        0
      ],
      "4": [
        0,
        0
      ],
      "5": [
        0,
        0
      ],
      "6": [
        0,
        0
      ],
      "7": [
        0,
        0
      ],
      "8": [
        0,
        0
      ],
      "9": [
        0,
        0
      ]
    },
    "_coverageSchema": "1a1c01bbd47fc00a2c39e90264f33305004495a9",
    "hash": "1b08836108c7ce002bc6959d545410cedbfd69d5"
  },
  "C:\\Users\\Humberto\\Desktop\\Humberto\\Study\\WebDev\\pajelingo-front-end\\src\\components\\CustomSpinner\\index.js": {
    "path": "C:\\Users\\Humberto\\Desktop\\Humberto\\Study\\WebDev\\pajelingo-front-end\\src\\components\\CustomSpinner\\index.js",
    "statementMap": {
      "0": {
        "start": {
          "line": 5,
          "column": 2
        },
        "end": {
          "line": 11,
          "column": 4
        }
      }
    },
    "fnMap": {
      "0": {
        "name": "CustomSpinner",
        "decl": {
          "start": {
            "line": 4,
            "column": 24
          },
          "end": {
            "line": 4,
            "column": 37
          }
        },
        "loc": {
          "start": {
            "line": 4,
            "column": 40
          },
          "end": {
            "line": 12,
            "column": 1
          }
        },
        "line": 4
      }
    },
    "branchMap": {},
    "s": {
      "0": 0
    },
    "f": {
      "0": 0
    },
    "b": {},
    "_coverageSchema": "1a1c01bbd47fc00a2c39e90264f33305004495a9",
    "hash": "349319f895fc68e69442556c88f058df54b1e8ac"
  },
  "C:\\Users\\Humberto\\Desktop\\Humberto\\Study\\WebDev\\pajelingo-front-end\\src\\components\\CustomButton\\index.js": {
    "path": "C:\\Users\\Humberto\\Desktop\\Humberto\\Study\\WebDev\\pajelingo-front-end\\src\\components\\CustomButton\\index.js",
    "statementMap": {
      "0": {
        "start": {
          "line": 14,
          "column": 15
        },
        "end": {
          "line": 14,
          "column": 17
        }
      },
      "1": {
        "start": {
          "line": 16,
          "column": 2
        },
        "end": {
          "line": 18,
          "column": 3
        }
      },
      "2": {
        "start": {
          "line": 17,
          "column": 4
        },
        "end": {
          "line": 17,
          "column": 32
        }
      },
      "3": {
        "start": {
          "line": 20,
          "column": 2
        },
        "end": {
          "line": 39,
          "column": 4
        }
      },
      "4": {
        "start": {
          "line": 27,
          "column": 26
        },
        "end": {
          "line": 27,
          "column": 40
        }
      },
      "5": {
        "start": {
          "line": 42,
          "column": 0
        },
        "end": {
          "line": 51,
          "column": 2
        }
      }
    },
    "fnMap": {
      "0": {
        "name": "CustomButton",
        "decl": {
          "start": {
            "line": 4,
            "column": 24
          },
          "end": {
            "line": 4,
            "column": 36
          }
        },
        "loc": {
          "start": {
            "line": 13,
            "column": 3
          },
          "end": {
            "line": 40,
            "column": 1
          }
        },
        "line": 13
      },
      "1": {
        "name": "(anonymous_1)",
        "decl": {
          "start": {
            "line": 10,
            "column": 12
          },
          "end": {
            "line": 10,
            "column": 13
          }
        },
        "loc": {
          "start": {
            "line": 10,
            "column": 18
          },
          "end": {
            "line": 10,
            "column": 20
          }
        },
        "line": 10
      },
      "2": {
        "name": "(anonymous_2)",
        "decl": {
          "start": {
            "line": 27,
            "column": 15
          },
          "end": {
            "line": 27,
            "column": 16
          }
        },
        "loc": {
          "start": {
            "line": 27,
            "column": 26
          },
          "end": {
            "line": 27,
            "column": 40
          }
        },
        "line": 27
      }
    },
    "branchMap": {
      "0": {
        "loc": {
          "start": {
            "line": 5,
            "column": 2
          },
          "end": {
            "line": 5,
            "column": 16
          }
        },
        "type": "default-arg",
        "locations": [
          {
            "start": {
              "line": 5,
              "column": 14
            },
            "end": {
              "line": 5,
              "column": 16
            }
          }
        ],
        "line": 5
      },
      "1": {
        "loc": {
          "start": {
            "line": 8,
            "column": 2
          },
          "end": {
            "line": 8,
            "column": 18
          }
        },
        "type": "default-arg",
        "locations": [
          {
            "start": {
              "line": 8,
              "column": 13
            },
            "end": {
              "line": 8,
              "column": 18
            }
          }
        ],
        "line": 8
      },
      "2": {
        "loc": {
          "start": {
            "line": 9,
            "column": 2
          },
          "end": {
            "line": 9,
            "column": 19
          }
        },
        "type": "default-arg",
        "locations": [
          {
            "start": {
              "line": 9,
              "column": 14
            },
            "end": {
              "line": 9,
              "column": 19
            }
          }
        ],
        "line": 9
      },
      "3": {
        "loc": {
          "start": {
            "line": 10,
            "column": 2
          },
          "end": {
            "line": 10,
            "column": 20
          }
        },
        "type": "default-arg",
        "locations": [
          {
            "start": {
              "line": 10,
              "column": 12
            },
            "end": {
              "line": 10,
              "column": 20
            }
          }
        ],
        "line": 10
      },
      "4": {
        "loc": {
          "start": {
            "line": 12,
            "column": 2
          },
          "end": {
            "line": 12,
            "column": 13
          }
        },
        "type": "default-arg",
        "locations": [
          {
            "start": {
              "line": 12,
              "column": 11
            },
            "end": {
              "line": 12,
              "column": 13
            }
          }
        ],
        "line": 12
      },
      "5": {
        "loc": {
          "start": {
            "line": 16,
            "column": 2
          },
          "end": {
            "line": 18,
            "column": 3
          }
        },
        "type": "if",
        "locations": [
          {
            "start": {
              "line": 16,
              "column": 2
            },
            "end": {
              "line": 18,
              "column": 3
            }
          },
          {
            "start": {
              "line": 16,
              "column": 2
            },
            "end": {
              "line": 18,
              "column": 3
            }
          }
        ],
        "line": 16
      },
      "6": {
        "loc": {
          "start": {
            "line": 29,
            "column": 7
          },
          "end": {
            "line": 36,
            "column": 14
          }
        },
        "type": "cond-expr",
        "locations": [
          {
            "start": {
              "line": 30,
              "column": 8
            },
            "end": {
              "line": 35,
              "column": 10
            }
          },
          {
            "start": {
              "line": 36,
              "column": 10
            },
            "end": {
              "line": 36,
              "column": 14
            }
          }
        ],
        "line": 29
      }
    },
    "s": {
      "0": 0,
      "1": 0,
      "2": 0,
      "3": 0,
      "4": 0,
      "5": 1
    },
    "f": {
      "0": 0,
      "1": 0,
      "2": 0
    },
    "b": {
      "0": [
        0
      ],
      "1": [
        0
      ],
      "2": [
        0
      ],
      "3": [
        0
      ],
      "4": [
        0
      ],
      "5": [
        0,
        0
      ],
      "6": [
        0,
        0
      ]
    },
    "_coverageSchema": "1a1c01bbd47fc00a2c39e90264f33305004495a9",
    "hash": "bca6b44faf4e9a9ec4fbf17725bf15298f6b4359"
  },
  "C:\\Users\\Humberto\\Desktop\\Humberto\\Study\\WebDev\\pajelingo-front-end\\src\\components\\ShortcutButtons\\index.js": {
    "path": "C:\\Users\\Humberto\\Desktop\\Humberto\\Study\\WebDev\\pajelingo-front-end\\src\\components\\ShortcutButtons\\index.js",
    "statementMap": {
      "0": {
        "start": {
          "line": 5,
          "column": 19
        },
        "end": {
          "line": 5,
          "column": 32
        }
      },
      "1": {
        "start": {
          "line": 7,
          "column": 2
        },
        "end": {
          "line": 52,
          "column": 4
        }
      },
      "2": {
        "start": {
          "line": 13,
          "column": 25
        },
        "end": {
          "line": 13,
          "column": 47
        }
      },
      "3": {
        "start": {
          "line": 31,
          "column": 25
        },
        "end": {
          "line": 31,
          "column": 43
        }
      }
    },
    "fnMap": {
      "0": {
        "name": "ShortcutButtons",
        "decl": {
          "start": {
            "line": 4,
            "column": 24
          },
          "end": {
            "line": 4,
            "column": 39
          }
        },
        "loc": {
          "start": {
            "line": 4,
            "column": 42
          },
          "end": {
            "line": 53,
            "column": 1
          }
        },
        "line": 4
      },
      "1": {
        "name": "(anonymous_1)",
        "decl": {
          "start": {
            "line": 13,
            "column": 19
          },
          "end": {
            "line": 13,
            "column": 20
          }
        },
        "loc": {
          "start": {
            "line": 13,
            "column": 25
          },
          "end": {
            "line": 13,
            "column": 47
          }
        },
        "line": 13
      },
      "2": {
        "name": "(anonymous_2)",
        "decl": {
          "start": {
            "line": 31,
            "column": 19
          },
          "end": {
            "line": 31,
            "column": 20
          }
        },
        "loc": {
          "start": {
            "line": 31,
            "column": 25
          },
          "end": {
            "line": 31,
            "column": 43
          }
        },
        "line": 31
      }
    },
    "branchMap": {},
    "s": {
      "0": 0,
      "1": 0,
      "2": 0,
      "3": 0
    },
    "f": {
      "0": 0,
      "1": 0,
      "2": 0
    },
    "b": {},
    "_coverageSchema": "1a1c01bbd47fc00a2c39e90264f33305004495a9",
    "hash": "6fa2d1c7db8cea6d9b90f14f58951fd702049a10"
  },
  "C:\\Users\\Humberto\\Desktop\\Humberto\\Study\\WebDev\\pajelingo-front-end\\src\\pages\\Activation\\index.js": {
    "path": "C:\\Users\\Humberto\\Desktop\\Humberto\\Study\\WebDev\\pajelingo-front-end\\src\\pages\\Activation\\index.js",
    "statementMap": {
      "0": {
        "start": {
          "line": 9,
          "column": 17
        },
        "end": {
          "line": 9,
          "column": 28
        }
      },
      "1": {
        "start": {
          "line": 10,
          "column": 34
        },
        "end": {
          "line": 13,
          "column": 4
        }
      },
      "2": {
        "start": {
          "line": 15,
          "column": 2
        },
        "end": {
          "line": 32,
          "column": 33
        }
      },
      "3": {
        "start": {
          "line": 16,
          "column": 4
        },
        "end": {
          "line": 31,
          "column": 6
        }
      },
      "4": {
        "start": {
          "line": 20,
          "column": 8
        },
        "end": {
          "line": 23,
          "column": 11
        }
      },
      "5": {
        "start": {
          "line": 26,
          "column": 8
        },
        "end": {
          "line": 29,
          "column": 11
        }
      },
      "6": {
        "start": {
          "line": 34,
          "column": 26
        },
        "end": {
          "line": 56,
          "column": 3
        }
      },
      "7": {
        "start": {
          "line": 35,
          "column": 4
        },
        "end": {
          "line": 55,
          "column": 6
        }
      },
      "8": {
        "start": {
          "line": 58,
          "column": 2
        },
        "end": {
          "line": 66,
          "column": 4
        }
      }
    },
    "fnMap": {
      "0": {
        "name": "Activation",
        "decl": {
          "start": {
            "line": 8,
            "column": 24
          },
          "end": {
            "line": 8,
            "column": 34
          }
        },
        "loc": {
          "start": {
            "line": 8,
            "column": 37
          },
          "end": {
            "line": 67,
            "column": 1
          }
        },
        "line": 8
      },
      "1": {
        "name": "(anonymous_1)",
        "decl": {
          "start": {
            "line": 15,
            "column": 12
          },
          "end": {
            "line": 15,
            "column": 13
          }
        },
        "loc": {
          "start": {
            "line": 15,
            "column": 18
          },
          "end": {
            "line": 32,
            "column": 3
          }
        },
        "line": 15
      },
      "2": {
        "name": "(anonymous_2)",
        "decl": {
          "start": {
            "line": 19,
            "column": 6
          },
          "end": {
            "line": 19,
            "column": 7
          }
        },
        "loc": {
          "start": {
            "line": 19,
            "column": 12
          },
          "end": {
            "line": 24,
            "column": 7
          }
        },
        "line": 19
      },
      "3": {
        "name": "(anonymous_3)",
        "decl": {
          "start": {
            "line": 25,
            "column": 6
          },
          "end": {
            "line": 25,
            "column": 7
          }
        },
        "loc": {
          "start": {
            "line": 25,
            "column": 12
          },
          "end": {
            "line": 30,
            "column": 7
          }
        },
        "line": 25
      },
      "4": {
        "name": "(anonymous_4)",
        "decl": {
          "start": {
            "line": 34,
            "column": 26
          },
          "end": {
            "line": 34,
            "column": 27
          }
        },
        "loc": {
          "start": {
            "line": 34,
            "column": 40
          },
          "end": {
            "line": 56,
            "column": 3
          }
        },
        "line": 34
      }
    },
    "branchMap": {
      "0": {
        "loc": {
          "start": {
            "line": 37,
            "column": 9
          },
          "end": {
            "line": 52,
            "column": 9
          }
        },
        "type": "cond-expr",
        "locations": [
          {
            "start": {
              "line": 38,
              "column": 10
            },
            "end": {
              "line": 44,
              "column": 18
            }
          },
          {
            "start": {
              "line": 46,
              "column": 10
            },
            "end": {
              "line": 51,
              "column": 18
            }
          }
        ],
        "line": 37
      },
      "1": {
        "loc": {
          "start": {
            "line": 60,
            "column": 7
          },
          "end": {
            "line": 64,
            "column": 7
          }
        },
        "type": "cond-expr",
        "locations": [
          {
            "start": {
              "line": 61,
              "column": 8
            },
            "end": {
              "line": 61,
              "column": 40
            }
          },
          {
            "start": {
              "line": 63,
              "column": 8
            },
            "end": {
              "line": 63,
              "column": 25
            }
          }
        ],
        "line": 60
      }
    },
    "s": {
      "0": 0,
      "1": 0,
      "2": 0,
      "3": 0,
      "4": 0,
      "5": 0,
      "6": 0,
      "7": 0,
      "8": 0
    },
    "f": {
      "0": 0,
      "1": 0,
      "2": 0,
      "3": 0,
      "4": 0
    },
    "b": {
      "0": [
        0,
        0
      ],
      "1": [
        0,
        0
      ]
    },
    "_coverageSchema": "1a1c01bbd47fc00a2c39e90264f33305004495a9",
    "hash": "cd0940935c60478c7e05dc86395a46a26b5cc1f7"
  },
  "C:\\Users\\Humberto\\Desktop\\Humberto\\Study\\WebDev\\pajelingo-front-end\\src\\components\\icons\\LinkedInIcon\\index.js": {
    "path": "C:\\Users\\Humberto\\Desktop\\Humberto\\Study\\WebDev\\pajelingo-front-end\\src\\components\\icons\\LinkedInIcon\\index.js",
    "statementMap": {
      "0": {
        "start": {
          "line": 2,
          "column": 2
        },
        "end": {
          "line": 13,
          "column": 4
        }
      }
    },
    "fnMap": {
      "0": {
        "name": "LinkedInIcon",
        "decl": {
          "start": {
            "line": 1,
            "column": 24
          },
          "end": {
            "line": 1,
            "column": 36
          }
        },
        "loc": {
          "start": {
            "line": 1,
            "column": 39
          },
          "end": {
            "line": 14,
            "column": 1
          }
        },
        "line": 1
      }
    },
    "branchMap": {},
    "s": {
      "0": 1
    },
    "f": {
      "0": 1
    },
    "b": {},
    "_coverageSchema": "1a1c01bbd47fc00a2c39e90264f33305004495a9",
    "hash": "45b000dc98390408238e00ee4b3db1b1844338a9"
  },
  "C:\\Users\\Humberto\\Desktop\\Humberto\\Study\\WebDev\\pajelingo-front-end\\src\\components\\icons\\GitHubIcon\\index.js": {
    "path": "C:\\Users\\Humberto\\Desktop\\Humberto\\Study\\WebDev\\pajelingo-front-end\\src\\components\\icons\\GitHubIcon\\index.js",
    "statementMap": {
      "0": {
        "start": {
          "line": 2,
          "column": 2
        },
        "end": {
          "line": 13,
          "column": 4
        }
      }
    },
    "fnMap": {
      "0": {
        "name": "GitHubIcon",
        "decl": {
          "start": {
            "line": 1,
            "column": 24
          },
          "end": {
            "line": 1,
            "column": 34
          }
        },
        "loc": {
          "start": {
            "line": 1,
            "column": 37
          },
          "end": {
            "line": 14,
            "column": 1
          }
        },
        "line": 1
      }
    },
    "branchMap": {},
    "s": {
      "0": 1
    },
    "f": {
      "0": 1
    },
    "b": {},
    "_coverageSchema": "1a1c01bbd47fc00a2c39e90264f33305004495a9",
    "hash": "6941993269133dcdfd7b77704b8dcd052001eb51"
  },
  "C:\\Users\\Humberto\\Desktop\\Humberto\\Study\\WebDev\\pajelingo-front-end\\src\\components\\Footer\\index.js": {
    "path": "C:\\Users\\Humberto\\Desktop\\Humberto\\Study\\WebDev\\pajelingo-front-end\\src\\components\\Footer\\index.js",
    "statementMap": {
      "0": {
        "start": {
          "line": 6,
          "column": 2
        },
        "end": {
          "line": 30,
          "column": 4
        }
      }
    },
    "fnMap": {
      "0": {
        "name": "Footer",
        "decl": {
          "start": {
            "line": 5,
            "column": 24
          },
          "end": {
            "line": 5,
            "column": 30
          }
        },
        "loc": {
          "start": {
            "line": 5,
            "column": 33
          },
          "end": {
            "line": 31,
            "column": 1
          }
        },
        "line": 5
      }
    },
    "branchMap": {},
    "s": {
      "0": 1
    },
    "f": {
      "0": 1
    },
    "b": {},
    "_coverageSchema": "1a1c01bbd47fc00a2c39e90264f33305004495a9",
    "hash": "de3d8edb9660feb46a6a4d46806515ea9410ec9d"
  },
  "C:\\Users\\Humberto\\Desktop\\Humberto\\Study\\WebDev\\pajelingo-front-end\\src\\services\\user.js": {
    "path": "C:\\Users\\Humberto\\Desktop\\Humberto\\Study\\WebDev\\pajelingo-front-end\\src\\services\\user.js",
    "statementMap": {
      "0": {
        "start": {
          "line": 4,
          "column": 25
        },
        "end": {
          "line": 4,
          "column": 68
        }
      }
    },
    "fnMap": {},
    "branchMap": {},
    "s": {
      "0": 1
    },
    "f": {},
    "b": {},
    "_coverageSchema": "1a1c01bbd47fc00a2c39e90264f33305004495a9",
    "hash": "6b721f646edacf314ce001db298c5824eaabda99"
  },
  "C:\\Users\\Humberto\\Desktop\\Humberto\\Study\\WebDev\\pajelingo-front-end\\src\\api\\games.js": {
    "path": "C:\\Users\\Humberto\\Desktop\\Humberto\\Study\\WebDev\\pajelingo-front-end\\src\\api\\games.js",
    "statementMap": {
      "0": {
        "start": {
          "line": 3,
          "column": 24
        },
        "end": {
          "line": 6,
          "column": 1
        }
      },
      "1": {
        "start": {
          "line": 4,
          "column": 19
        },
        "end": {
          "line": 4,
          "column": 50
        }
      },
      "2": {
        "start": {
          "line": 5,
          "column": 2
        },
        "end": {
          "line": 5,
          "column": 31
        }
      },
      "3": {
        "start": {
          "line": 8,
          "column": 32
        },
        "end": {
          "line": 31,
          "column": 1
        }
      },
      "4": {
        "start": {
          "line": 9,
          "column": 22
        },
        "end": {
          "line": 9,
          "column": 24
        }
      },
      "5": {
        "start": {
          "line": 11,
          "column": 2
        },
        "end": {
          "line": 13,
          "column": 3
        }
      },
      "6": {
        "start": {
          "line": 12,
          "column": 4
        },
        "end": {
          "line": 12,
          "column": 52
        }
      },
      "7": {
        "start": {
          "line": 15,
          "column": 2
        },
        "end": {
          "line": 30,
          "column": 7
        }
      },
      "8": {
        "start": {
          "line": 22,
          "column": 6
        },
        "end": {
          "line": 24,
          "column": 7
        }
      },
      "9": {
        "start": {
          "line": 23,
          "column": 8
        },
        "end": {
          "line": 23,
          "column": 31
        }
      },
      "10": {
        "start": {
          "line": 26,
          "column": 6
        },
        "end": {
          "line": 26,
          "column": 15
        }
      },
      "11": {
        "start": {
          "line": 29,
          "column": 6
        },
        "end": {
          "line": 29,
          "column": 22
        }
      },
      "12": {
        "start": {
          "line": 33,
          "column": 39
        },
        "end": {
          "line": 52,
          "column": 1
        }
      },
      "13": {
        "start": {
          "line": 34,
          "column": 22
        },
        "end": {
          "line": 34,
          "column": 24
        }
      },
      "14": {
        "start": {
          "line": 36,
          "column": 2
        },
        "end": {
          "line": 38,
          "column": 3
        }
      },
      "15": {
        "start": {
          "line": 37,
          "column": 4
        },
        "end": {
          "line": 37,
          "column": 52
        }
      },
      "16": {
        "start": {
          "line": 40,
          "column": 2
        },
        "end": {
          "line": 51,
          "column": 7
        }
      },
      "17": {
        "start": {
          "line": 48,
          "column": 24
        },
        "end": {
          "line": 48,
          "column": 39
        }
      },
      "18": {
        "start": {
          "line": 50,
          "column": 6
        },
        "end": {
          "line": 50,
          "column": 22
        }
      },
      "19": {
        "start": {
          "line": 54,
          "column": 36
        },
        "end": {
          "line": 82,
          "column": 1
        }
      },
      "20": {
        "start": {
          "line": 60,
          "column": 22
        },
        "end": {
          "line": 60,
          "column": 24
        }
      },
      "21": {
        "start": {
          "line": 62,
          "column": 2
        },
        "end": {
          "line": 64,
          "column": 3
        }
      },
      "22": {
        "start": {
          "line": 63,
          "column": 4
        },
        "end": {
          "line": 63,
          "column": 52
        }
      },
      "23": {
        "start": {
          "line": 66,
          "column": 2
        },
        "end": {
          "line": 81,
          "column": 7
        }
      },
      "24": {
        "start": {
          "line": 73,
          "column": 6
        },
        "end": {
          "line": 75,
          "column": 7
        }
      },
      "25": {
        "start": {
          "line": 74,
          "column": 8
        },
        "end": {
          "line": 74,
          "column": 31
        }
      },
      "26": {
        "start": {
          "line": 77,
          "column": 6
        },
        "end": {
          "line": 77,
          "column": 15
        }
      },
      "27": {
        "start": {
          "line": 80,
          "column": 6
        },
        "end": {
          "line": 80,
          "column": 22
        }
      },
      "28": {
        "start": {
          "line": 84,
          "column": 43
        },
        "end": {
          "line": 103,
          "column": 1
        }
      },
      "29": {
        "start": {
          "line": 85,
          "column": 22
        },
        "end": {
          "line": 85,
          "column": 24
        }
      },
      "30": {
        "start": {
          "line": 87,
          "column": 2
        },
        "end": {
          "line": 89,
          "column": 3
        }
      },
      "31": {
        "start": {
          "line": 88,
          "column": 4
        },
        "end": {
          "line": 88,
          "column": 52
        }
      },
      "32": {
        "start": {
          "line": 91,
          "column": 2
        },
        "end": {
          "line": 102,
          "column": 7
        }
      },
      "33": {
        "start": {
          "line": 99,
          "column": 24
        },
        "end": {
          "line": 99,
          "column": 39
        }
      },
      "34": {
        "start": {
          "line": 101,
          "column": 6
        },
        "end": {
          "line": 101,
          "column": 22
        }
      },
      "35": {
        "start": {
          "line": 105,
          "column": 35
        },
        "end": {
          "line": 128,
          "column": 1
        }
      },
      "36": {
        "start": {
          "line": 106,
          "column": 22
        },
        "end": {
          "line": 106,
          "column": 24
        }
      },
      "37": {
        "start": {
          "line": 108,
          "column": 2
        },
        "end": {
          "line": 110,
          "column": 3
        }
      },
      "38": {
        "start": {
          "line": 109,
          "column": 4
        },
        "end": {
          "line": 109,
          "column": 52
        }
      },
      "39": {
        "start": {
          "line": 112,
          "column": 2
        },
        "end": {
          "line": 127,
          "column": 7
        }
      },
      "40": {
        "start": {
          "line": 119,
          "column": 6
        },
        "end": {
          "line": 121,
          "column": 7
        }
      },
      "41": {
        "start": {
          "line": 120,
          "column": 8
        },
        "end": {
          "line": 120,
          "column": 31
        }
      },
      "42": {
        "start": {
          "line": 123,
          "column": 6
        },
        "end": {
          "line": 123,
          "column": 15
        }
      },
      "43": {
        "start": {
          "line": 126,
          "column": 6
        },
        "end": {
          "line": 126,
          "column": 22
        }
      },
      "44": {
        "start": {
          "line": 130,
          "column": 42
        },
        "end": {
          "line": 149,
          "column": 1
        }
      },
      "45": {
        "start": {
          "line": 131,
          "column": 22
        },
        "end": {
          "line": 131,
          "column": 24
        }
      },
      "46": {
        "start": {
          "line": 133,
          "column": 2
        },
        "end": {
          "line": 135,
          "column": 3
        }
      },
      "47": {
        "start": {
          "line": 134,
          "column": 4
        },
        "end": {
          "line": 134,
          "column": 52
        }
      },
      "48": {
        "start": {
          "line": 137,
          "column": 2
        },
        "end": {
          "line": 148,
          "column": 7
        }
      },
      "49": {
        "start": {
          "line": 145,
          "column": 24
        },
        "end": {
          "line": 145,
          "column": 39
        }
      },
      "50": {
        "start": {
          "line": 147,
          "column": 6
        },
        "end": {
          "line": 147,
          "column": 22
        }
      }
    },
    "fnMap": {
      "0": {
        "name": "(anonymous_0)",
        "decl": {
          "start": {
            "line": 3,
            "column": 24
          },
          "end": {
            "line": 3,
            "column": 25
          }
        },
        "loc": {
          "start": {
            "line": 3,
            "column": 36
          },
          "end": {
            "line": 6,
            "column": 1
          }
        },
        "line": 3
      },
      "1": {
        "name": "(anonymous_1)",
        "decl": {
          "start": {
            "line": 8,
            "column": 32
          },
          "end": {
            "line": 8,
            "column": 33
          }
        },
        "loc": {
          "start": {
            "line": 8,
            "column": 76
          },
          "end": {
            "line": 31,
            "column": 1
          }
        },
        "line": 8
      },
      "2": {
        "name": "(anonymous_2)",
        "decl": {
          "start": {
            "line": 21,
            "column": 10
          },
          "end": {
            "line": 21,
            "column": 11
          }
        },
        "loc": {
          "start": {
            "line": 21,
            "column": 24
          },
          "end": {
            "line": 27,
            "column": 5
          }
        },
        "line": 21
      },
      "3": {
        "name": "(anonymous_3)",
        "decl": {
          "start": {
            "line": 28,
            "column": 10
          },
          "end": {
            "line": 28,
            "column": 11
          }
        },
        "loc": {
          "start": {
            "line": 28,
            "column": 20
          },
          "end": {
            "line": 30,
            "column": 5
          }
        },
        "line": 28
      },
      "4": {
        "name": "(anonymous_4)",
        "decl": {
          "start": {
            "line": 33,
            "column": 39
          },
          "end": {
            "line": 33,
            "column": 40
          }
        },
        "loc": {
          "start": {
            "line": 33,
            "column": 67
          },
          "end": {
            "line": 52,
            "column": 1
          }
        },
        "line": 33
      },
      "5": {
        "name": "(anonymous_5)",
        "decl": {
          "start": {
            "line": 48,
            "column": 10
          },
          "end": {
            "line": 48,
            "column": 11
          }
        },
        "loc": {
          "start": {
            "line": 48,
            "column": 24
          },
          "end": {
            "line": 48,
            "column": 39
          }
        },
        "line": 48
      },
      "6": {
        "name": "(anonymous_6)",
        "decl": {
          "start": {
            "line": 49,
            "column": 10
          },
          "end": {
            "line": 49,
            "column": 11
          }
        },
        "loc": {
          "start": {
            "line": 49,
            "column": 20
          },
          "end": {
            "line": 51,
            "column": 5
          }
        },
        "line": 49
      },
      "7": {
        "name": "(anonymous_7)",
        "decl": {
          "start": {
            "line": 54,
            "column": 36
          },
          "end": {
            "line": 54,
            "column": 37
          }
        },
        "loc": {
          "start": {
            "line": 59,
            "column": 5
          },
          "end": {
            "line": 82,
            "column": 1
          }
        },
        "line": 59
      },
      "8": {
        "name": "(anonymous_8)",
        "decl": {
          "start": {
            "line": 72,
            "column": 10
          },
          "end": {
            "line": 72,
            "column": 11
          }
        },
        "loc": {
          "start": {
            "line": 72,
            "column": 24
          },
          "end": {
            "line": 78,
            "column": 5
          }
        },
        "line": 72
      },
      "9": {
        "name": "(anonymous_9)",
        "decl": {
          "start": {
            "line": 79,
            "column": 10
          },
          "end": {
            "line": 79,
            "column": 11
          }
        },
        "loc": {
          "start": {
            "line": 79,
            "column": 20
          },
          "end": {
            "line": 81,
            "column": 5
          }
        },
        "line": 79
      },
      "10": {
        "name": "(anonymous_10)",
        "decl": {
          "start": {
            "line": 84,
            "column": 43
          },
          "end": {
            "line": 84,
            "column": 44
          }
        },
        "loc": {
          "start": {
            "line": 84,
            "column": 71
          },
          "end": {
            "line": 103,
            "column": 1
          }
        },
        "line": 84
      },
      "11": {
        "name": "(anonymous_11)",
        "decl": {
          "start": {
            "line": 99,
            "column": 10
          },
          "end": {
            "line": 99,
            "column": 11
          }
        },
        "loc": {
          "start": {
            "line": 99,
            "column": 24
          },
          "end": {
            "line": 99,
            "column": 39
          }
        },
        "line": 99
      },
      "12": {
        "name": "(anonymous_12)",
        "decl": {
          "start": {
            "line": 100,
            "column": 10
          },
          "end": {
            "line": 100,
            "column": 11
          }
        },
        "loc": {
          "start": {
            "line": 100,
            "column": 20
          },
          "end": {
            "line": 102,
            "column": 5
          }
        },
        "line": 100
      },
      "13": {
        "name": "(anonymous_13)",
        "decl": {
          "start": {
            "line": 105,
            "column": 35
          },
          "end": {
            "line": 105,
            "column": 36
          }
        },
        "loc": {
          "start": {
            "line": 105,
            "column": 79
          },
          "end": {
            "line": 128,
            "column": 1
          }
        },
        "line": 105
      },
      "14": {
        "name": "(anonymous_14)",
        "decl": {
          "start": {
            "line": 118,
            "column": 10
          },
          "end": {
            "line": 118,
            "column": 11
          }
        },
        "loc": {
          "start": {
            "line": 118,
            "column": 24
          },
          "end": {
            "line": 124,
            "column": 5
          }
        },
        "line": 118
      },
      "15": {
        "name": "(anonymous_15)",
[...]
        "start": {
          "line": 72,
          "column": 31
        },
        "end": {
          "line": 72,
          "column": 67
        }
      }
    },
    "fnMap": {
      "0": {
        "name": "SearchAccount",
        "decl": {
          "start": {
            "line": 10,
            "column": 24
          },
          "end": {
            "line": 10,
            "column": 37
          }
        },
        "loc": {
          "start": {
            "line": 10,
            "column": 40
          },
          "end": {
            "line": 84,
            "column": 1
          }
        },
        "line": 10
      },
      "1": {
        "name": "(anonymous_1)",
        "decl": {
          "start": {
            "line": 16,
            "column": 4
          },
          "end": {
            "line": 16,
            "column": 5
          }
        },
        "loc": {
          "start": {
            "line": 16,
            "column": 14
          },
          "end": {
            "line": 23,
            "column": 5
          }
        },
        "line": 16
      },
      "2": {
        "name": "(anonymous_2)",
        "decl": {
          "start": {
            "line": 19,
            "column": 48
          },
          "end": {
            "line": 19,
            "column": 49
          }
        },
        "loc": {
          "start": {
            "line": 19,
            "column": 58
          },
          "end": {
            "line": 22,
            "column": 7
          }
        },
        "line": 19
      },
      "3": {
        "name": "(anonymous_3)",
        "decl": {
          "start": {
            "line": 21,
            "column": 19
          },
          "end": {
            "line": 21,
            "column": 20
          }
        },
        "loc": {
          "start": {
            "line": 21,
            "column": 25
          },
          "end": {
            "line": 21,
            "column": 44
          }
        },
        "line": 21
      },
      "4": {
        "name": "renderAccounts",
        "decl": {
          "start": {
            "line": 27,
            "column": 11
          },
          "end": {
            "line": 27,
            "column": 25
          }
        },
        "loc": {
          "start": {
            "line": 27,
            "column": 28
          },
          "end": {
            "line": 57,
            "column": 3
          }
        },
        "line": 27
      },
      "5": {
        "name": "(anonymous_5)",
        "decl": {
          "start": {
            "line": 35,
            "column": 32
          },
          "end": {
            "line": 35,
            "column": 33
          }
        },
        "loc": {
          "start": {
            "line": 36,
            "column": 16
          },
          "end": {
            "line": 40,
            "column": 18
          }
        },
        "line": 36
      },
      "6": {
        "name": "(anonymous_6)",
        "decl": {
          "start": {
            "line": 50,
            "column": 22
          },
          "end": {
            "line": 50,
            "column": 23
          }
        },
        "loc": {
          "start": {
            "line": 50,
            "column": 32
          },
          "end": {
            "line": 50,
            "column": 56
          }
        },
        "line": 50
      },
      "7": {
        "name": "(anonymous_7)",
        "decl": {
          "start": {
            "line": 62,
            "column": 18
          },
          "end": {
            "line": 62,
            "column": 19
          }
        },
        "loc": {
          "start": {
            "line": 62,
            "column": 29
          },
          "end": {
            "line": 66,
            "column": 9
          }
        },
        "line": 62
      },
      "8": {
        "name": "(anonymous_8)",
        "decl": {
          "start": {
            "line": 72,
            "column": 20
          },
          "end": {
            "line": 72,
            "column": 21
          }
        },
        "loc": {
          "start": {
            "line": 72,
            "column": 31
          },
          "end": {
            "line": 72,
            "column": 67
          }
        },
        "line": 72
      }
    },
    "branchMap": {
      "0": {
        "loc": {
          "start": {
            "line": 28,
            "column": 4
          },
          "end": {
            "line": 54,
            "column": 5
          }
        },
        "type": "if",
        "locations": [
          {
            "start": {
              "line": 28,
              "column": 4
            },
            "end": {
              "line": 54,
              "column": 5
            }
          },
          {
            "start": {
              "line": 28,
              "column": 4
            },
            "end": {
              "line": 54,
              "column": 5
            }
          }
        ],
        "line": 28
      },
      "1": {
        "loc": {
          "start": {
            "line": 32,
            "column": 13
          },
          "end": {
            "line": 42,
            "column": 13
          }
        },
        "type": "cond-expr",
        "locations": [
          {
            "start": {
              "line": 33,
              "column": 14
            },
            "end": {
              "line": 33,
              "column": 31
            }
          },
          {
            "start": {
              "line": 35,
              "column": 14
            },
            "end": {
              "line": 41,
              "column": 16
            }
          }
        ],
        "line": 32
      }
    },
    "s": {
      "0": 0,
      "1": 0,
      "2": 0,
      "3": 0,
      "4": 0,
      "5": 0,
      "6": 0,
      "7": 0,
      "8": 0,
      "9": 0,
      "10": 0,
      "11": 0,
      "12": 0,
      "13": 0,
      "14": 0,
      "15": 0,
      "16": 0,
      "17": 0,
      "18": 0
    },
    "f": {
      "0": 0,
      "1": 0,
      "2": 0,
      "3": 0,
      "4": 0,
      "5": 0,
      "6": 0,
      "7": 0,
      "8": 0
    },
    "b": {
      "0": [
        0,
        0
      ],
      "1": [
        0,
        0
      ]
    },
    "_coverageSchema": "1a1c01bbd47fc00a2c39e90264f33305004495a9",
    "hash": "cdd00e531061aa8f0db1c669231338555e130cd4"
  },
  "C:\\Users\\Humberto\\Desktop\\Humberto\\Study\\WebDev\\pajelingo-front-end\\src\\pages\\NotFound\\index.js": {
    "path": "C:\\Users\\Humberto\\Desktop\\Humberto\\Study\\WebDev\\pajelingo-front-end\\src\\pages\\NotFound\\index.js",
    "statementMap": {
      "0": {
        "start": {
          "line": 4,
          "column": 2
        },
        "end": {
          "line": 16,
          "column": 4
        }
      }
    },
    "fnMap": {
      "0": {
        "name": "NotFound",
        "decl": {
          "start": {
            "line": 3,
            "column": 24
          },
          "end": {
            "line": 3,
            "column": 32
          }
        },
        "loc": {
          "start": {
            "line": 3,
            "column": 35
          },
          "end": {
            "line": 17,
            "column": 1
          }
        },
        "line": 3
      }
    },
    "branchMap": {},
    "s": {
      "0": 1
    },
    "f": {
      "0": 1
    },
    "b": {},
    "_coverageSchema": "1a1c01bbd47fc00a2c39e90264f33305004495a9",
    "hash": "63670bd598198a5a47d58033155e6c3353ae9b99"
  },
  "C:\\Users\\Humberto\\Desktop\\Humberto\\Study\\WebDev\\pajelingo-front-end\\src\\AppRoutes.js": {
    "path": "C:\\Users\\Humberto\\Desktop\\Humberto\\Study\\WebDev\\pajelingo-front-end\\src\\AppRoutes.js",
    "statementMap": {
      "0": {
        "start": {
          "line": 28,
          "column": 2
        },
        "end": {
          "line": 68,
          "column": 4
        }
      }
    },
    "fnMap": {
      "0": {
        "name": "AppRoutes",
        "decl": {
          "start": {
            "line": 27,
            "column": 24
          },
          "end": {
            "line": 27,
            "column": 33
          }
        },
        "loc": {
          "start": {
            "line": 27,
            "column": 36
          },
          "end": {
            "line": 69,
            "column": 1
          }
        },
        "line": 27
      }
    },
    "branchMap": {},
    "s": {
      "0": 1
    },
    "f": {
      "0": 1
    },
    "b": {},
    "_coverageSchema": "1a1c01bbd47fc00a2c39e90264f33305004495a9",
    "hash": "9f3184a9c86c004e2beb8e5607a32be20912c2d7"
  },
  "C:\\Users\\Humberto\\Desktop\\Humberto\\Study\\WebDev\\pajelingo-front-end\\src\\reportWebVitals.js": {
    "path": "C:\\Users\\Humberto\\Desktop\\Humberto\\Study\\WebDev\\pajelingo-front-end\\src\\reportWebVitals.js",
    "statementMap": {
      "0": {
        "start": {
          "line": 1,
          "column": 24
        },
        "end": {
          "line": 11,
          "column": 1
        }
      },
      "1": {
        "start": {
          "line": 2,
          "column": 2
        },
        "end": {
          "line": 10,
          "column": 3
        }
      },
      "2": {
        "start": {
          "line": 3,
          "column": 4
        },
        "end": {
          "line": 9,
          "column": 7
        }
      },
      "3": {
        "start": {
          "line": 4,
          "column": 6
        },
        "end": {
          "line": 4,
          "column": 26
        }
      },
      "4": {
        "start": {
          "line": 5,
          "column": 6
        },
        "end": {
          "line": 5,
          "column": 26
        }
      },
      "5": {
        "start": {
          "line": 6,
          "column": 6
        },
        "end": {
          "line": 6,
          "column": 26
        }
      },
      "6": {
        "start": {
          "line": 7,
          "column": 6
        },
        "end": {
          "line": 7,
          "column": 26
        }
      },
      "7": {
        "start": {
          "line": 8,
          "column": 6
        },
        "end": {
          "line": 8,
          "column": 27
        }
      }
    },
    "fnMap": {
      "0": {
        "name": "(anonymous_0)",
        "decl": {
          "start": {
            "line": 1,
            "column": 24
          },
          "end": {
            "line": 1,
            "column": 25
          }
        },
        "loc": {
          "start": {
            "line": 1,
            "column": 41
          },
          "end": {
            "line": 11,
            "column": 1
          }
        },
        "line": 1
      },
      "1": {
        "name": "(anonymous_1)",
        "decl": {
          "start": {
            "line": 3,
            "column": 30
          },
          "end": {
            "line": 3,
            "column": 31
          }
        },
        "loc": {
          "start": {
            "line": 3,
            "column": 79
          },
          "end": {
            "line": 9,
            "column": 5
          }
        },
        "line": 3
      }
    },
    "branchMap": {
      "0": {
        "loc": {
          "start": {
            "line": 2,
            "column": 2
          },
          "end": {
            "line": 10,
            "column": 3
          }
        },
        "type": "if",
        "locations": [
          {
            "start": {
              "line": 2,
              "column": 2
            },
            "end": {
              "line": 10,
              "column": 3
            }
          },
          {
            "start": {
              "line": 2,
              "column": 2
            },
            "end": {
              "line": 10,
              "column": 3
            }
          }
        ],
        "line": 2
      },
      "1": {
        "loc": {
          "start": {
            "line": 2,
            "column": 6
          },
          "end": {
            "line": 2,
            "column": 52
          }
        },
        "type": "binary-expr",
        "locations": [
          {
            "start": {
              "line": 2,
              "column": 6
            },
            "end": {
              "line": 2,
              "column": 17
            }
          },
          {
            "start": {
              "line": 2,
              "column": 21
            },
            "end": {
              "line": 2,
              "column": 52
            }
          }
        ],
        "line": 2
      }
    },
    "s": {
      "0": 1,
      "1": 1,
      "2": 0,
      "3": 0,
      "4": 0,
      "5": 0,
      "6": 0,
      "7": 0
    },
    "f": {
      "0": 1,
      "1": 0
    },
    "b": {
      "0": [
        0,
        1
      ],
      "1": [
        1,
        0
      ]
    },
    "_coverageSchema": "1a1c01bbd47fc00a2c39e90264f33305004495a9",
    "hash": "4a3a4442b512f02085bc8b17cee41a43f64faef8"
  },
  "C:\\Users\\Humberto\\Desktop\\Humberto\\Study\\WebDev\\pajelingo-front-end\\src\\store\\reducers\\languages.js": {
    "path": "C:\\Users\\Humberto\\Desktop\\Humberto\\Study\\WebDev\\pajelingo-front-end\\src\\store\\reducers\\languages.js",
    "statementMap": {
      "0": {
        "start": {
          "line": 4,
          "column": 23
        },
        "end": {
          "line": 12,
          "column": 2
        }
      },
      "1": {
        "start": {
          "line": 8,
          "column": 4
        },
        "end": {
          "line": 10,
          "column": 7
        }
      },
      "2": {
        "start": {
          "line": 9,
          "column": 6
        },
        "end": {
          "line": 9,
          "column": 28
        }
      },
      "3": {
        "start": {
          "line": 14,
          "column": 31
        },
        "end": {
          "line": 14,
          "column": 53
        }
      }
    },
    "fnMap": {
      "0": {
        "name": "(anonymous_0)",
        "decl": {
          "start": {
            "line": 7,
            "column": 2
          },
          "end": {
            "line": 7,
            "column": 3
          }
        },
        "loc": {
          "start": {
            "line": 7,
            "column": 25
          },
          "end": {
            "line": 11,
            "column": 3
          }
        },
        "line": 7
      },
      "1": {
        "name": "(anonymous_1)",
        "decl": {
          "start": {
            "line": 8,
            "column": 46
          },
          "end": {
            "line": 8,
            "column": 47
          }
        },
        "loc": {
          "start": {
            "line": 8,
            "column": 65
          },
          "end": {
            "line": 10,
            "column": 5
          }
        },
        "line": 8
      }
    },
    "branchMap": {},
    "s": {
      "0": 1,
      "1": 1,
      "2": 0,
      "3": 1
    },
    "f": {
      "0": 1,
      "1": 0
    },
    "b": {},
    "_coverageSchema": "1a1c01bbd47fc00a2c39e90264f33305004495a9",
    "hash": "7dd01589906dfde5bfbe1e3a4b5bf412aa5f9f8c"
  },
  "C:\\Users\\Humberto\\Desktop\\Humberto\\Study\\WebDev\\pajelingo-front-end\\src\\store\\reducers\\games.js": {
    "path": "C:\\Users\\Humberto\\Desktop\\Humberto\\Study\\WebDev\\pajelingo-front-end\\src\\store\\reducers\\games.js",
    "statementMap": {
      "0": {
        "start": {
          "line": 4,
          "column": 19
        },
        "end": {
          "line": 19,
          "column": 2
        }
      },
      "1": {
        "start": {
          "line": 8,
          "column": 4
        },
        "end": {
          "line": 17,
          "column": 7
        }
      },
      "2": {
        "start": {
          "line": 9,
          "column": 23
        },
        "end": {
          "line": 9,
          "column": 25
        }
      },
      "3": {
        "start": {
          "line": 10,
          "column": 20
        },
        "end": {
          "line": 10,
          "column": 34
        }
      },
      "4": {
        "start": {
          "line": 12,
          "column": 6
        },
        "end": {
          "line": 14,
          "column": 9
        }
      },
      "5": {
        "start": {
          "line": 13,
          "column": 8
        },
        "end": {
          "line": 13,
          "column": 33
        }
      },
      "6": {
        "start": {
          "line": 16,
          "column": 6
        },
        "end": {
          "line": 16,
          "column": 22
        }
      },
      "7": {
        "start": {
          "line": 21,
          "column": 27
        },
        "end": {
          "line": 21,
          "column": 45
        }
      }
    },
    "fnMap": {
      "0": {
        "name": "(anonymous_0)",
        "decl": {
          "start": {
            "line": 7,
            "column": 2
          },
          "end": {
            "line": 7,
            "column": 3
          }
        },
        "loc": {
          "start": {
            "line": 7,
            "column": 25
          },
          "end": {
            "line": 18,
            "column": 3
          }
        },
        "line": 7
      },
      "1": {
        "name": "(anonymous_1)",
        "decl": {
          "start": {
            "line": 8,
            "column": 42
          },
          "end": {
            "line": 8,
            "column": 43
          }
        },
        "loc": {
          "start": {
            "line": 8,
            "column": 61
          },
          "end": {
            "line": 17,
            "column": 5
          }
        },
        "line": 8
      },
      "2": {
        "name": "(anonymous_2)",
        "decl": {
          "start": {
            "line": 12,
            "column": 20
          },
          "end": {
            "line": 12,
            "column": 21
          }
        },
        "loc": {
          "start": {
            "line": 12,
            "column": 30
          },
          "end": {
            "line": 14,
            "column": 7
          }
        },
        "line": 12
      }
    },
    "branchMap": {},
    "s": {
      "0": 1,
      "1": 1,
      "2": 0,
      "3": 0,
      "4": 0,
      "5": 0,
      "6": 0,
      "7": 1
    },
    "f": {
      "0": 1,
      "1": 0,
      "2": 0
    },
    "b": {},
    "_coverageSchema": "1a1c01bbd47fc00a2c39e90264f33305004495a9",
    "hash": "f4f18a7735435856c88b48a585e137d8633ddd4a"
  },
  "C:\\Users\\Humberto\\Desktop\\Humberto\\Study\\WebDev\\pajelingo-front-end\\src\\store\\index.js": {
    "path": "C:\\Users\\Humberto\\Desktop\\Humberto\\Study\\WebDev\\pajelingo-front-end\\src\\store\\index.js",
    "statementMap": {
      "0": {
        "start": {
          "line": 6,
          "column": 14
        },
        "end": {
          "line": 12,
          "column": 2
        }
      }
    },
    "fnMap": {},
    "branchMap": {},
    "s": {
      "0": 1
    },
    "f": {},
    "b": {},
    "_coverageSchema": "1a1c01bbd47fc00a2c39e90264f33305004495a9",
    "hash": "220a33f252a6cf0d31e3ccefc9bbb8be5149ff00"
  },
  "C:\\Users\\Humberto\\Desktop\\Humberto\\Study\\WebDev\\pajelingo-front-end\\src\\index.js": {
    "path": "C:\\Users\\Humberto\\Desktop\\Humberto\\Study\\WebDev\\pajelingo-front-end\\src\\index.js",
    "statementMap": {
      "0": {
        "start": {
          "line": 9,
          "column": 13
        },
        "end": {
          "line": 9,
          "column": 65
        }
      },
      "1": {
        "start": {
          "line": 10,
          "column": 0
        },
        "end": {
          "line": 14,
          "column": 2
        }
      },
      "2": {
        "start": {
          "line": 19,
          "column": 0
        },
        "end": {
          "line": 19,
          "column": 18
        }
      }
    },
    "fnMap": {},
    "branchMap": {},
    "s": {
      "0": 1,
      "1": 1,
      "2": 1
    },
    "f": {},
    "b": {},
    "_coverageSchema": "1a1c01bbd47fc00a2c39e90264f33305004495a9",
    "hash": "f68f82185d0cfb792c11b97a4982eb5260d94d0c"
  }
}